Determining if the pthread_create exist failed with the following output:
Change Dir: /home/liushiqi/ClionProjects/CUDA_project1/cmake-build-debug/CMakeFiles/CMakeTmp

Run Build Command:"/usr/bin/make" "cmTC_a4b40/fast"
/usr/bin/make -f CMakeFiles/cmTC_a4b40.dir/build.make CMakeFiles/cmTC_a4b40.dir/build
make[1]: Entering directory '/home/liushiqi/ClionProjects/CUDA_project1/cmake-build-debug/CMakeFiles/CMakeTmp'
Building C object CMakeFiles/cmTC_a4b40.dir/CheckSymbolExists.c.o
/usr/bin/cc   -fPIC    -o CMakeFiles/cmTC_a4b40.dir/CheckSymbolExists.c.o   -c /home/liushiqi/ClionProjects/CUDA_project1/cmake-build-debug/CMakeFiles/CMakeTmp/CheckSymbolExists.c
Linking C executable cmTC_a4b40
/home/liushiqi/clion-2018.2.1/bin/cmake/linux/bin/cmake -E cmake_link_script CMakeFiles/cmTC_a4b40.dir/link.txt --verbose=1
/usr/bin/cc -fPIC     CMakeFiles/cmTC_a4b40.dir/CheckSymbolExists.c.o  -o cmTC_a4b40 
CMakeFiles/cmTC_a4b40.dir/CheckSymbolExists.c.o: In function `main':
CheckSymbolExists.c:(.text+0x1b): undefined reference to `pthread_create'
collect2: error: ld returned 1 exit status
CMakeFiles/cmTC_a4b40.dir/build.make:86: recipe for target 'cmTC_a4b40' failed
make[1]: *** [cmTC_a4b40] Error 1
make[1]: Leaving directory '/home/liushiqi/ClionProjects/CUDA_project1/cmake-build-debug/CMakeFiles/CMakeTmp'
Makefile:121: recipe for target 'cmTC_a4b40/fast' failed
make: *** [cmTC_a4b40/fast] Error 2

File /home/liushiqi/ClionProjects/CUDA_project1/cmake-build-debug/CMakeFiles/CMakeTmp/CheckSymbolExists.c:
/* */
#include <pthread.h>

int main(int argc, char** argv)
{
  (void)argv;
#ifndef pthread_create
  return ((int*)(&pthread_create))[argc];
#else
  (void)argc;
  return 0;
#endif
}

Determining if the function pthread_create exists in the pthreads failed with the following output:
Change Dir: /home/liushiqi/ClionProjects/CUDA_project1/cmake-build-debug/CMakeFiles/CMakeTmp

Run Build Command:"/usr/bin/make" "cmTC_0f5bc/fast"
/usr/bin/make -f CMakeFiles/cmTC_0f5bc.dir/build.make CMakeFiles/cmTC_0f5bc.dir/build
make[1]: Entering directory '/home/liushiqi/ClionProjects/CUDA_project1/cmake-build-debug/CMakeFiles/CMakeTmp'
Building C object CMakeFiles/cmTC_0f5bc.dir/CheckFunctionExists.c.o
/usr/bin/cc   -fPIC -DCHECK_FUNCTION_EXISTS=pthread_create   -o CMakeFiles/cmTC_0f5bc.dir/CheckFunctionExists.c.o   -c /home/liushiqi/clion-2018.2.1/bin/cmake/linux/share/cmake-3.12/Modules/CheckFunctionExists.c
Linking C executable cmTC_0f5bc
/home/liushiqi/clion-2018.2.1/bin/cmake/linux/bin/cmake -E cmake_link_script CMakeFiles/cmTC_0f5bc.dir/link.txt --verbose=1
/usr/bin/cc -fPIC -DCHECK_FUNCTION_EXISTS=pthread_create    CMakeFiles/cmTC_0f5bc.dir/CheckFunctionExists.c.o  -o cmTC_0f5bc -lpthreads 
/usr/bin/ld: cannot find -lpthreads
collect2: error: ld returned 1 exit status
CMakeFiles/cmTC_0f5bc.dir/build.make:86: recipe for target 'cmTC_0f5bc' failed
make[1]: *** [cmTC_0f5bc] Error 1
make[1]: Leaving directory '/home/liushiqi/ClionProjects/CUDA_project1/cmake-build-debug/CMakeFiles/CMakeTmp'
Makefile:121: recipe for target 'cmTC_0f5bc/fast' failed
make: *** [cmTC_0f5bc/fast] Error 2


